<?xml version="1.0" encoding="UTF-8"?>
<!-- Generated by org.testng.reporters.JUnitXMLReporter -->
<testsuite ignored="0" hostname="DESKTOP-6" failures="0" tests="4" name="Test" time="8.295" errors="0" timestamp="2025-11-04T22:47:08 IST">
  <testcase classname="com.ssk.qa.tests.EndToEndTest" name="loginTest" time="0.723"/>
  <testcase classname="com.ssk.qa.tests.EndToEndTest" name="addToCartTest" time="0.201"/>
  <testcase classname="com.ssk.qa.tests.EndToEndTest" name="checkoutTest" time="1.093"/>
  <testcase classname="com.ssk.qa.tests.EndToEndTest" name="logoutTest" time="0.827"/>
</testsuite> <!-- Test -->
