<?xml version="1.0" encoding="UTF-8"?>
<!-- Generated by org.testng.reporters.JUnitXMLReporter -->
<testsuite ignored="0" hostname="DESKTOP-6" failures="0" tests="4" name="Test" time="24.527" errors="0" timestamp="2025-11-03T20:03:46 IST">
  <testcase classname="com.ssk.qa.tests.EndToEndTest" name="loginTest" time="0.445"/>
  <testcase classname="com.ssk.qa.tests.EndToEndTest" name="addToCartTest" time="0.116"/>
  <testcase classname="com.ssk.qa.tests.EndToEndTest" name="checkoutTest" time="0.522"/>
  <testcase classname="com.ssk.qa.tests.EndToEndTest" name="logoutTest" time="0.433"/>
</testsuite> <!-- Test -->
