<?xml version="1.0" encoding="UTF-8"?>
<testng-results ignored="0" total="3" passed="3" failed="0" skipped="0">
  <reporter-output>
  </reporter-output>
  <suite started-at="2025-11-08T12:09:12 IST" name="Suite" finished-at="2025-11-08T12:09:43 IST" duration-ms="30963">
    <groups>
    </groups>
    <test started-at="2025-11-08T12:09:12 IST" name="Test" finished-at="2025-11-08T12:09:43 IST" duration-ms="30963">
      <class name="com.ssk.qa.tests.EndToEndTest">
        <test-method is-config="true" signature="setup()[pri:0, instance:com.ssk.qa.tests.EndToEndTest@21422231, instance params:[visual_user, secret_sauce]]" started-at="2025-11-08T12:09:12 IST" name="setup" finished-at="2025-11-08T12:09:19 IST" duration-ms="6420" status="PASS">
          <reporter-output>
          </reporter-output>
        </test-method> <!-- setup -->
        <test-method signature="verifyEndToEndTestWorkflow()[pri:0, instance:com.ssk.qa.tests.EndToEndTest@21422231, instance params:[visual_user, secret_sauce]]" started-at="2025-11-08T12:09:19 IST" name="verifyEndToEndTestWorkflow" description="Full end-to-end workflow for each user" finished-at="2025-11-08T12:09:21 IST" duration-ms="2352" status="PASS">
          <reporter-output>
          </reporter-output>
        </test-method> <!-- verifyEndToEndTestWorkflow -->
        <test-method is-config="true" signature="tearDown()[pri:0, instance:com.ssk.qa.tests.EndToEndTest@21422231, instance params:[visual_user, secret_sauce]]" started-at="2025-11-08T12:09:21 IST" name="tearDown" finished-at="2025-11-08T12:09:21 IST" duration-ms="335" status="PASS">
          <reporter-output>
          </reporter-output>
        </test-method> <!-- tearDown -->
        <test-method is-config="true" signature="setup()[pri:0, instance:com.ssk.qa.tests.EndToEndTest@21422231, instance params:[visual_user, secret_sauce]]" started-at="2025-11-08T12:09:21 IST" name="setup" finished-at="2025-11-08T12:09:26 IST" duration-ms="4747" status="PASS">
          <reporter-output>
          </reporter-output>
        </test-method> <!-- setup -->
        <test-method signature="verifyEndToEndTestWorkflow()[pri:0, instance:com.ssk.qa.tests.EndToEndTest@38eb2c50, instance params:[locked_out_user, secret_sauce]]" started-at="2025-11-08T12:09:26 IST" name="verifyEndToEndTestWorkflow" description="Full end-to-end workflow for each user" finished-at="2025-11-08T12:09:37 IST" duration-ms="10602" status="PASS">
          <reporter-output>
          </reporter-output>
        </test-method> <!-- verifyEndToEndTestWorkflow -->
        <test-method is-config="true" signature="tearDown()[pri:0, instance:com.ssk.qa.tests.EndToEndTest@21422231, instance params:[visual_user, secret_sauce]]" started-at="2025-11-08T12:09:37 IST" name="tearDown" finished-at="2025-11-08T12:09:37 IST" duration-ms="307" status="PASS">
          <reporter-output>
          </reporter-output>
        </test-method> <!-- tearDown -->
        <test-method is-config="true" signature="setup()[pri:0, instance:com.ssk.qa.tests.EndToEndTest@21422231, instance params:[visual_user, secret_sauce]]" started-at="2025-11-08T12:09:37 IST" name="setup" finished-at="2025-11-08T12:09:41 IST" duration-ms="3613" status="PASS">
          <reporter-output>
          </reporter-output>
        </test-method> <!-- setup -->
        <test-method signature="verifyEndToEndTestWorkflow()[pri:0, instance:com.ssk.qa.tests.EndToEndTest@8bffb8b, instance params:[standard_user, secret_sauce]]" started-at="2025-11-08T12:09:41 IST" name="verifyEndToEndTestWorkflow" description="Full end-to-end workflow for each user" finished-at="2025-11-08T12:09:43 IST" duration-ms="2234" status="PASS">
          <reporter-output>
          </reporter-output>
        </test-method> <!-- verifyEndToEndTestWorkflow -->
        <test-method is-config="true" signature="tearDown()[pri:0, instance:com.ssk.qa.tests.EndToEndTest@21422231, instance params:[visual_user, secret_sauce]]" started-at="2025-11-08T12:09:43 IST" name="tearDown" finished-at="2025-11-08T12:09:43 IST" duration-ms="301" status="PASS">
          <reporter-output>
          </reporter-output>
        </test-method> <!-- tearDown -->
      </class> <!-- com.ssk.qa.tests.EndToEndTest -->
    </test> <!-- Test -->
  </suite> <!-- Suite -->
</testng-results>
