<?xml version="1.0" encoding="UTF-8"?>
<testng-results ignored="0" total="4" passed="4" failed="0" skipped="0">
  <reporter-output>
  </reporter-output>
  <suite started-at="2025-11-14T11:18:00 IST" name="Default suite" finished-at="2025-11-14T11:18:32 IST" duration-ms="31828">
    <groups>
      <group name="cucumber">
        <method signature="AbstractTestNGCucumberTests.runScenario(io.cucumber.testng.PickleWrapper,io.cucumber.testng.FeatureWrapper)[pri:0, instance:com.ssk.qa.runners.TestRunner@510f3d34]" name="runScenario" class="io.cucumber.testng.AbstractTestNGCucumberTests"/>
      </group> <!-- cucumber -->
    </groups>
    <test started-at="2025-11-14T11:18:00 IST" name="Default test" finished-at="2025-11-14T11:18:32 IST" duration-ms="31828">
      <class name="com.ssk.qa.runners.TestRunner">
        <test-method is-config="true" signature="setUpClass(org.testng.ITestContext)[pri:0, instance:com.ssk.qa.runners.TestRunner@510f3d34]" started-at="2025-11-14T11:18:00 IST" name="setUpClass" finished-at="2025-11-14T11:18:01 IST" duration-ms="689" status="PASS">
          <params>
            <param index="0">
              <value>
                <![CDATA[org.testng.TestRunner@a9e8da1]]>
              </value>
            </param>
          </params>
          <reporter-output>
          </reporter-output>
        </test-method> <!-- setUpClass -->
        <test-method signature="runScenario(io.cucumber.testng.PickleWrapper,io.cucumber.testng.FeatureWrapper)[pri:0, instance:com.ssk.qa.runners.TestRunner@510f3d34]" started-at="2025-11-14T11:18:01 IST" name="runScenario" description="Runs Cucumber Scenarios" data-provider="scenarios" finished-at="2025-11-14T11:18:10 IST" duration-ms="8992" status="PASS">
          <params>
            <param index="0">
              <value>
                <![CDATA["Verify user can login with valid credentials"]]>
              </value>
            </param>
            <param index="1">
              <value>
                <![CDATA["E-commerce Workflow Automation"]]>
              </value>
            </param>
          </params>
          <reporter-output>
          </reporter-output>
        </test-method> <!-- runScenario -->
        <test-method signature="runScenario(io.cucumber.testng.PickleWrapper,io.cucumber.testng.FeatureWrapper)[pri:0, instance:com.ssk.qa.runners.TestRunner@510f3d34]" started-at="2025-11-14T11:18:10 IST" name="runScenario" description="Runs Cucumber Scenarios" data-provider="scenarios" finished-at="2025-11-14T11:18:15 IST" duration-ms="4817" status="PASS">
          <params>
            <param index="0">
              <value>
                <![CDATA["Verify user can add a product to cart"]]>
              </value>
            </param>
            <param index="1">
              <value>
                <![CDATA["E-commerce Workflow Automation"]]>
              </value>
            </param>
          </params>
          <reporter-output>
          </reporter-output>
        </test-method> <!-- runScenario -->
        <test-method signature="runScenario(io.cucumber.testng.PickleWrapper,io.cucumber.testng.FeatureWrapper)[pri:0, instance:com.ssk.qa.runners.TestRunner@510f3d34]" started-at="2025-11-14T11:18:15 IST" name="runScenario" description="Runs Cucumber Scenarios" data-provider="scenarios" finished-at="2025-11-14T11:18:23 IST" duration-ms="8441" status="PASS">
          <params>
            <param index="0">
              <value>
                <![CDATA["Verify user can checkout successfully"]]>
              </value>
            </param>
            <param index="1">
              <value>
                <![CDATA["E-commerce Workflow Automation"]]>
              </value>
            </param>
          </params>
          <reporter-output>
          </reporter-output>
        </test-method> <!-- runScenario -->
        <test-method signature="runScenario(io.cucumber.testng.PickleWrapper,io.cucumber.testng.FeatureWrapper)[pri:0, instance:com.ssk.qa.runners.TestRunner@510f3d34]" started-at="2025-11-14T11:18:23 IST" name="runScenario" description="Runs Cucumber Scenarios" data-provider="scenarios" finished-at="2025-11-14T11:18:32 IST" duration-ms="8630" status="PASS">
          <params>
            <param index="0">
              <value>
                <![CDATA["Verify user can logout successfully"]]>
              </value>
            </param>
            <param index="1">
              <value>
                <![CDATA["E-commerce Workflow Automation"]]>
              </value>
            </param>
          </params>
          <reporter-output>
          </reporter-output>
        </test-method> <!-- runScenario -->
        <test-method is-config="true" signature="tearDownClass()[pri:0, instance:com.ssk.qa.runners.TestRunner@510f3d34]" started-at="2025-11-14T11:18:32 IST" name="tearDownClass" finished-at="2025-11-14T11:18:32 IST" duration-ms="188" status="PASS">
          <reporter-output>
          </reporter-output>
        </test-method> <!-- tearDownClass -->
      </class> <!-- com.ssk.qa.runners.TestRunner -->
    </test> <!-- Default test -->
  </suite> <!-- Default suite -->
</testng-results>
