<?xml version="1.0" encoding="UTF-8"?>
<testng-results ignored="0" total="6" passed="6" failed="0" skipped="0">
  <reporter-output>
  </reporter-output>
  <suite started-at="2025-11-11T11:39:56 IST" name="CrossBrowserSuite" finished-at="2025-11-11T11:40:35 IST" duration-ms="38977">
    <groups>
    </groups>
    <test started-at="2025-11-11T11:39:56 IST" name="ChromeTest" finished-at="2025-11-11T11:40:33 IST" duration-ms="37009">
      <class name="com.ssk.qa.tests.EndToEndTest">
        <test-method is-config="true" signature="setup(java.lang.String)[pri:0, instance:com.ssk.qa.tests.EndToEndTest@3cec79d3, instance params:[visual_user, secret_sauce]]" started-at="2025-11-11T11:39:56 IST" name="setup" finished-at="2025-11-11T11:39:59 IST" duration-ms="3137" status="PASS">
          <params>
            <param index="0">
              <value>
                <![CDATA[chrome]]>
              </value>
            </param>
          </params>
          <reporter-output>
          </reporter-output>
        </test-method> <!-- setup -->
        <test-method signature="verifyEndToEndTestWorkflow()[pri:0, instance:com.ssk.qa.tests.EndToEndTest@3cec79d3, instance params:[visual_user, secret_sauce]]" started-at="2025-11-11T11:39:59 IST" name="verifyEndToEndTestWorkflow" description="Full end-to-end workflow for each user" finished-at="2025-11-11T11:40:08 IST" duration-ms="9284" status="PASS">
          <reporter-output>
          </reporter-output>
        </test-method> <!-- verifyEndToEndTestWorkflow -->
        <test-method is-config="true" signature="tearDown()[pri:0, instance:com.ssk.qa.tests.EndToEndTest@3cec79d3, instance params:[visual_user, secret_sauce]]" started-at="2025-11-11T11:40:08 IST" name="tearDown" finished-at="2025-11-11T11:40:08 IST" duration-ms="238" status="PASS">
          <reporter-output>
          </reporter-output>
        </test-method> <!-- tearDown -->
        <test-method is-config="true" signature="setup(java.lang.String)[pri:0, instance:com.ssk.qa.tests.EndToEndTest@3cec79d3, instance params:[visual_user, secret_sauce]]" started-at="2025-11-11T11:40:08 IST" name="setup" finished-at="2025-11-11T11:40:09 IST" duration-ms="1011" status="PASS">
          <params>
            <param index="0">
              <value>
                <![CDATA[chrome]]>
              </value>
            </param>
          </params>
          <reporter-output>
          </reporter-output>
        </test-method> <!-- setup -->
        <test-method signature="verifyEndToEndTestWorkflow()[pri:0, instance:com.ssk.qa.tests.EndToEndTest@61e3cf4d, instance params:[standard_user, secret_sauce]]" started-at="2025-11-11T11:40:09 IST" name="verifyEndToEndTestWorkflow" description="Full end-to-end workflow for each user" finished-at="2025-11-11T11:40:15 IST" duration-ms="5477" status="PASS">
          <reporter-output>
          </reporter-output>
        </test-method> <!-- verifyEndToEndTestWorkflow -->
        <test-method is-config="true" signature="tearDown()[pri:0, instance:com.ssk.qa.tests.EndToEndTest@3cec79d3, instance params:[visual_user, secret_sauce]]" started-at="2025-11-11T11:40:15 IST" name="tearDown" finished-at="2025-11-11T11:40:15 IST" duration-ms="180" status="PASS">
          <reporter-output>
          </reporter-output>
        </test-method> <!-- tearDown -->
        <test-method is-config="true" signature="setup(java.lang.String)[pri:0, instance:com.ssk.qa.tests.EndToEndTest@3cec79d3, instance params:[visual_user, secret_sauce]]" started-at="2025-11-11T11:40:15 IST" name="setup" finished-at="2025-11-11T11:40:16 IST" duration-ms="870" status="PASS">
          <params>
            <param index="0">
              <value>
                <![CDATA[chrome]]>
              </value>
            </param>
          </params>
          <reporter-output>
          </reporter-output>
        </test-method> <!-- setup -->
        <test-method signature="verifyEndToEndTestWorkflow()[pri:0, instance:com.ssk.qa.tests.EndToEndTest@6f38a289, instance params:[locked_out_user, secret_sauce]]" started-at="2025-11-11T11:40:16 IST" name="verifyEndToEndTestWorkflow" description="Full end-to-end workflow for each user" finished-at="2025-11-11T11:40:32 IST" duration-ms="16421" status="PASS">
          <reporter-output>
          </reporter-output>
        </test-method> <!-- verifyEndToEndTestWorkflow -->
        <test-method is-config="true" signature="tearDown()[pri:0, instance:com.ssk.qa.tests.EndToEndTest@3cec79d3, instance params:[visual_user, secret_sauce]]" started-at="2025-11-11T11:40:32 IST" name="tearDown" finished-at="2025-11-11T11:40:33 IST" duration-ms="317" status="PASS">
          <reporter-output>
          </reporter-output>
        </test-method> <!-- tearDown -->
      </class> <!-- com.ssk.qa.tests.EndToEndTest -->
    </test> <!-- ChromeTest -->
    <test started-at="2025-11-11T11:39:56 IST" name="EdgeTest" finished-at="2025-11-11T11:40:35 IST" duration-ms="38977">
      <class name="com.ssk.qa.tests.EndToEndTest">
        <test-method is-config="true" signature="setup(java.lang.String)[pri:0, instance:com.ssk.qa.tests.EndToEndTest@4038cd3a, instance params:[visual_user, secret_sauce]]" started-at="2025-11-11T11:39:56 IST" name="setup" finished-at="2025-11-11T11:39:59 IST" duration-ms="3139" status="PASS">
          <params>
            <param index="0">
              <value>
                <![CDATA[edge]]>
              </value>
            </param>
          </params>
          <reporter-output>
          </reporter-output>
        </test-method> <!-- setup -->
        <test-method signature="verifyEndToEndTestWorkflow()[pri:0, instance:com.ssk.qa.tests.EndToEndTest@15d0849, instance params:[standard_user, secret_sauce]]" started-at="2025-11-11T11:39:59 IST" name="verifyEndToEndTestWorkflow" description="Full end-to-end workflow for each user" finished-at="2025-11-11T11:40:09 IST" duration-ms="9906" status="PASS">
          <reporter-output>
          </reporter-output>
        </test-method> <!-- verifyEndToEndTestWorkflow -->
        <test-method is-config="true" signature="tearDown()[pri:0, instance:com.ssk.qa.tests.EndToEndTest@4038cd3a, instance params:[visual_user, secret_sauce]]" started-at="2025-11-11T11:40:09 IST" name="tearDown" finished-at="2025-11-11T11:40:09 IST" duration-ms="349" status="PASS">
          <reporter-output>
          </reporter-output>
        </test-method> <!-- tearDown -->
        <test-method is-config="true" signature="setup(java.lang.String)[pri:0, instance:com.ssk.qa.tests.EndToEndTest@4038cd3a, instance params:[visual_user, secret_sauce]]" started-at="2025-11-11T11:40:09 IST" name="setup" finished-at="2025-11-11T11:40:10 IST" duration-ms="1000" status="PASS">
          <params>
            <param index="0">
              <value>
                <![CDATA[edge]]>
              </value>
            </param>
          </params>
          <reporter-output>
          </reporter-output>
        </test-method> <!-- setup -->
        <test-method signature="verifyEndToEndTestWorkflow()[pri:0, instance:com.ssk.qa.tests.EndToEndTest@3533df16, instance params:[locked_out_user, secret_sauce]]" started-at="2025-11-11T11:40:10 IST" name="verifyEndToEndTestWorkflow" description="Full end-to-end workflow for each user" finished-at="2025-11-11T11:40:25 IST" duration-ms="14751" status="PASS">
          <reporter-output>
          </reporter-output>
        </test-method> <!-- verifyEndToEndTestWorkflow -->
        <test-method is-config="true" signature="tearDown()[pri:0, instance:com.ssk.qa.tests.EndToEndTest@4038cd3a, instance params:[visual_user, secret_sauce]]" started-at="2025-11-11T11:40:25 IST" name="tearDown" finished-at="2025-11-11T11:40:25 IST" duration-ms="283" status="PASS">
          <reporter-output>
          </reporter-output>
        </test-method> <!-- tearDown -->
        <test-method is-config="true" signature="setup(java.lang.String)[pri:0, instance:com.ssk.qa.tests.EndToEndTest@4038cd3a, instance params:[visual_user, secret_sauce]]" started-at="2025-11-11T11:40:25 IST" name="setup" finished-at="2025-11-11T11:40:26 IST" duration-ms="910" status="PASS">
          <params>
            <param index="0">
              <value>
                <![CDATA[edge]]>
              </value>
            </param>
          </params>
          <reporter-output>
          </reporter-output>
        </test-method> <!-- setup -->
        <test-method signature="verifyEndToEndTestWorkflow()[pri:0, instance:com.ssk.qa.tests.EndToEndTest@4038cd3a, instance params:[visual_user, secret_sauce]]" started-at="2025-11-11T11:40:26 IST" name="verifyEndToEndTestWorkflow" description="Full end-to-end workflow for each user" finished-at="2025-11-11T11:40:34 IST" duration-ms="8352" status="PASS">
          <reporter-output>
          </reporter-output>
        </test-method> <!-- verifyEndToEndTestWorkflow -->
        <test-method is-config="true" signature="tearDown()[pri:0, instance:com.ssk.qa.tests.EndToEndTest@4038cd3a, instance params:[visual_user, secret_sauce]]" started-at="2025-11-11T11:40:34 IST" name="tearDown" finished-at="2025-11-11T11:40:35 IST" duration-ms="224" status="PASS">
          <reporter-output>
          </reporter-output>
        </test-method> <!-- tearDown -->
      </class> <!-- com.ssk.qa.tests.EndToEndTest -->
    </test> <!-- EdgeTest -->
  </suite> <!-- CrossBrowserSuite -->
</testng-results>
