<?xml version="1.0" encoding="UTF-8"?>
<testng-results ignored="0" total="6" passed="6" failed="0" skipped="0">
  <reporter-output>
  </reporter-output>
  <suite started-at="2025-11-11T12:30:39 IST" name="CrossBrowserSuite" finished-at="2025-11-11T12:31:14 IST" duration-ms="34335">
    <groups>
    </groups>
    <test started-at="2025-11-11T12:30:39 IST" name="ChromeTest" finished-at="2025-11-11T12:31:12 IST" duration-ms="32604">
      <class name="com.ssk.qa.tests.EndToEndTest">
        <test-method is-config="true" signature="setup(java.lang.String)[pri:0, instance:com.ssk.qa.tests.EndToEndTest@6ed16657, instance params:[visual_user, secret_sauce]]" started-at="2025-11-11T12:30:39 IST" name="setup" finished-at="2025-11-11T12:30:42 IST" duration-ms="2699" status="PASS">
          <params>
            <param index="0">
              <value>
                <![CDATA[chrome]]>
              </value>
            </param>
          </params>
          <reporter-output>
          </reporter-output>
        </test-method> <!-- setup -->
        <test-method signature="verifyEndToEndTestWorkflow()[pri:0, instance:com.ssk.qa.tests.EndToEndTest@14823f76, instance params:[locked_out_user, secret_sauce]]" started-at="2025-11-11T12:30:42 IST" name="verifyEndToEndTestWorkflow" description="Full end-to-end workflow for each user" finished-at="2025-11-11T12:30:57 IST" duration-ms="15091" status="PASS">
          <reporter-output>
          </reporter-output>
        </test-method> <!-- verifyEndToEndTestWorkflow -->
        <test-method is-config="true" signature="tearDown()[pri:0, instance:com.ssk.qa.tests.EndToEndTest@6ed16657, instance params:[visual_user, secret_sauce]]" started-at="2025-11-11T12:30:57 IST" name="tearDown" finished-at="2025-11-11T12:30:58 IST" duration-ms="920" status="PASS">
          <reporter-output>
          </reporter-output>
        </test-method> <!-- tearDown -->
        <test-method is-config="true" signature="setup(java.lang.String)[pri:0, instance:com.ssk.qa.tests.EndToEndTest@6ed16657, instance params:[visual_user, secret_sauce]]" started-at="2025-11-11T12:30:58 IST" name="setup" finished-at="2025-11-11T12:31:00 IST" duration-ms="1474" status="PASS">
          <params>
            <param index="0">
              <value>
                <![CDATA[chrome]]>
              </value>
            </param>
          </params>
          <reporter-output>
          </reporter-output>
        </test-method> <!-- setup -->
        <test-method signature="verifyEndToEndTestWorkflow()[pri:0, instance:com.ssk.qa.tests.EndToEndTest@6917bb4, instance params:[standard_user, secret_sauce]]" started-at="2025-11-11T12:31:00 IST" name="verifyEndToEndTestWorkflow" description="Full end-to-end workflow for each user" finished-at="2025-11-11T12:31:05 IST" duration-ms="5566" status="PASS">
          <reporter-output>
          </reporter-output>
        </test-method> <!-- verifyEndToEndTestWorkflow -->
        <test-method is-config="true" signature="tearDown()[pri:0, instance:com.ssk.qa.tests.EndToEndTest@6ed16657, instance params:[visual_user, secret_sauce]]" started-at="2025-11-11T12:31:05 IST" name="tearDown" finished-at="2025-11-11T12:31:05 IST" duration-ms="240" status="PASS">
          <reporter-output>
          </reporter-output>
        </test-method> <!-- tearDown -->
        <test-method is-config="true" signature="setup(java.lang.String)[pri:0, instance:com.ssk.qa.tests.EndToEndTest@6ed16657, instance params:[visual_user, secret_sauce]]" started-at="2025-11-11T12:31:05 IST" name="setup" finished-at="2025-11-11T12:31:06 IST" duration-ms="1080" status="PASS">
          <params>
            <param index="0">
              <value>
                <![CDATA[chrome]]>
              </value>
            </param>
          </params>
          <reporter-output>
          </reporter-output>
        </test-method> <!-- setup -->
        <test-method signature="verifyEndToEndTestWorkflow()[pri:0, instance:com.ssk.qa.tests.EndToEndTest@6ed16657, instance params:[visual_user, secret_sauce]]" started-at="2025-11-11T12:31:06 IST" name="verifyEndToEndTestWorkflow" description="Full end-to-end workflow for each user" finished-at="2025-11-11T12:31:12 IST" duration-ms="5207" status="PASS">
          <reporter-output>
          </reporter-output>
        </test-method> <!-- verifyEndToEndTestWorkflow -->
        <test-method is-config="true" signature="tearDown()[pri:0, instance:com.ssk.qa.tests.EndToEndTest@6ed16657, instance params:[visual_user, secret_sauce]]" started-at="2025-11-11T12:31:12 IST" name="tearDown" finished-at="2025-11-11T12:31:12 IST" duration-ms="265" status="PASS">
          <reporter-output>
          </reporter-output>
        </test-method> <!-- tearDown -->
      </class> <!-- com.ssk.qa.tests.EndToEndTest -->
    </test> <!-- ChromeTest -->
    <test started-at="2025-11-11T12:30:39 IST" name="EdgeTest" finished-at="2025-11-11T12:31:14 IST" duration-ms="34335">
      <class name="com.ssk.qa.tests.EndToEndTest">
        <test-method is-config="true" signature="setup(java.lang.String)[pri:0, instance:com.ssk.qa.tests.EndToEndTest@22a736d7, instance params:[visual_user, secret_sauce]]" started-at="2025-11-11T12:30:39 IST" name="setup" finished-at="2025-11-11T12:30:42 IST" duration-ms="2700" status="PASS">
          <params>
            <param index="0">
              <value>
                <![CDATA[edge]]>
              </value>
            </param>
          </params>
          <reporter-output>
          </reporter-output>
        </test-method> <!-- setup -->
        <test-method signature="verifyEndToEndTestWorkflow()[pri:0, instance:com.ssk.qa.tests.EndToEndTest@1e58512c, instance params:[locked_out_user, secret_sauce]]" started-at="2025-11-11T12:30:42 IST" name="verifyEndToEndTestWorkflow" description="Full end-to-end workflow for each user" finished-at="2025-11-11T12:30:57 IST" duration-ms="15056" status="PASS">
          <reporter-output>
          </reporter-output>
        </test-method> <!-- verifyEndToEndTestWorkflow -->
        <test-method is-config="true" signature="tearDown()[pri:0, instance:com.ssk.qa.tests.EndToEndTest@22a736d7, instance params:[visual_user, secret_sauce]]" started-at="2025-11-11T12:30:57 IST" name="tearDown" finished-at="2025-11-11T12:30:58 IST" duration-ms="618" status="PASS">
          <reporter-output>
          </reporter-output>
        </test-method> <!-- tearDown -->
        <test-method is-config="true" signature="setup(java.lang.String)[pri:0, instance:com.ssk.qa.tests.EndToEndTest@22a736d7, instance params:[visual_user, secret_sauce]]" started-at="2025-11-11T12:30:58 IST" name="setup" finished-at="2025-11-11T12:30:59 IST" duration-ms="1684" status="PASS">
          <params>
            <param index="0">
              <value>
                <![CDATA[edge]]>
              </value>
            </param>
          </params>
          <reporter-output>
          </reporter-output>
        </test-method> <!-- setup -->
        <test-method signature="verifyEndToEndTestWorkflow()[pri:0, instance:com.ssk.qa.tests.EndToEndTest@210308d5, instance params:[standard_user, secret_sauce]]" started-at="2025-11-11T12:30:59 IST" name="verifyEndToEndTestWorkflow" description="Full end-to-end workflow for each user" finished-at="2025-11-11T12:31:05 IST" duration-ms="5953" status="PASS">
          <reporter-output>
          </reporter-output>
        </test-method> <!-- verifyEndToEndTestWorkflow -->
        <test-method is-config="true" signature="tearDown()[pri:0, instance:com.ssk.qa.tests.EndToEndTest@22a736d7, instance params:[visual_user, secret_sauce]]" started-at="2025-11-11T12:31:05 IST" name="tearDown" finished-at="2025-11-11T12:31:06 IST" duration-ms="311" status="PASS">
          <reporter-output>
          </reporter-output>
        </test-method> <!-- tearDown -->
        <test-method is-config="true" signature="setup(java.lang.String)[pri:0, instance:com.ssk.qa.tests.EndToEndTest@22a736d7, instance params:[visual_user, secret_sauce]]" started-at="2025-11-11T12:31:06 IST" name="setup" finished-at="2025-11-11T12:31:07 IST" duration-ms="1259" status="PASS">
          <params>
            <param index="0">
              <value>
                <![CDATA[edge]]>
              </value>
            </param>
          </params>
          <reporter-output>
          </reporter-output>
        </test-method> <!-- setup -->
        <test-method signature="verifyEndToEndTestWorkflow()[pri:0, instance:com.ssk.qa.tests.EndToEndTest@22a736d7, instance params:[visual_user, secret_sauce]]" started-at="2025-11-11T12:31:07 IST" name="verifyEndToEndTestWorkflow" description="Full end-to-end workflow for each user" finished-at="2025-11-11T12:31:13 IST" duration-ms="6373" status="PASS">
          <reporter-output>
          </reporter-output>
        </test-method> <!-- verifyEndToEndTestWorkflow -->
        <test-method is-config="true" signature="tearDown()[pri:0, instance:com.ssk.qa.tests.EndToEndTest@22a736d7, instance params:[visual_user, secret_sauce]]" started-at="2025-11-11T12:31:13 IST" name="tearDown" finished-at="2025-11-11T12:31:14 IST" duration-ms="313" status="PASS">
          <reporter-output>
          </reporter-output>
        </test-method> <!-- tearDown -->
      </class> <!-- com.ssk.qa.tests.EndToEndTest -->
    </test> <!-- EdgeTest -->
  </suite> <!-- CrossBrowserSuite -->
</testng-results>
