<?xml version="1.0" encoding="UTF-8"?>
<testng-results ignored="0" total="1" passed="1" failed="0" skipped="0">
  <reporter-output>
  </reporter-output>
  <suite started-at="2025-11-01T21:25:59 IST" name="Suite" finished-at="2025-11-01T21:26:04 IST" duration-ms="4583">
    <groups>
    </groups>
    <test started-at="2025-11-01T21:25:59 IST" name="Test" finished-at="2025-11-01T21:26:04 IST" duration-ms="4583">
      <class name="com.ssk.qa.tests.LoginTest">
        <test-method is-config="true" signature="setup()[pri:0, instance:com.ssk.qa.tests.LoginTest@75d4a5c2]" started-at="2025-11-01T21:25:59 IST" name="setup" finished-at="2025-11-01T21:26:03 IST" duration-ms="3988" status="PASS">
          <reporter-output>
          </reporter-output>
        </test-method> <!-- setup -->
        <test-method signature="verifyValidLogin()[pri:0, instance:com.ssk.qa.tests.LoginTest@75d4a5c2]" started-at="2025-11-01T21:26:03 IST" name="verifyValidLogin" finished-at="2025-11-01T21:26:04 IST" duration-ms="305" status="PASS">
          <reporter-output>
          </reporter-output>
        </test-method> <!-- verifyValidLogin -->
        <test-method is-config="true" signature="tearDown()[pri:0, instance:com.ssk.qa.tests.LoginTest@75d4a5c2]" started-at="2025-11-01T21:26:04 IST" name="tearDown" finished-at="2025-11-01T21:26:04 IST" duration-ms="246" status="PASS">
          <reporter-output>
          </reporter-output>
        </test-method> <!-- tearDown -->
      </class> <!-- com.ssk.qa.tests.LoginTest -->
    </test> <!-- Test -->
  </suite> <!-- Suite -->
</testng-results>
