<?xml version="1.0" encoding="UTF-8"?>
<testng-results ignored="0" total="4" passed="4" failed="0" skipped="0">
  <reporter-output>
  </reporter-output>
  <suite started-at="2025-11-03T20:07:48 IST" name="Default suite" finished-at="2025-11-03T20:08:06 IST" duration-ms="18292">
    <groups>
      <group name="cucumber">
        <method signature="AbstractTestNGCucumberTests.runScenario(io.cucumber.testng.PickleWrapper,io.cucumber.testng.FeatureWrapper)[pri:0, instance:com.ssk.qa.runners.TestRunner@5e5d171f]" name="runScenario" class="io.cucumber.testng.AbstractTestNGCucumberTests"/>
      </group> <!-- cucumber -->
    </groups>
    <test started-at="2025-11-03T20:07:48 IST" name="Default test" finished-at="2025-11-03T20:08:06 IST" duration-ms="18292">
      <class name="com.ssk.qa.runners.TestRunner">
        <test-method is-config="true" signature="setUpClass(org.testng.ITestContext)[pri:0, instance:com.ssk.qa.runners.TestRunner@5e5d171f]" started-at="2025-11-03T20:07:48 IST" name="setUpClass" finished-at="2025-11-03T20:07:49 IST" duration-ms="638" status="PASS">
          <params>
            <param index="0">
              <value>
                <![CDATA[org.testng.TestRunner@6ed18d80]]>
              </value>
            </param>
          </params>
          <reporter-output>
          </reporter-output>
        </test-method> <!-- setUpClass -->
        <test-method signature="runScenario(io.cucumber.testng.PickleWrapper,io.cucumber.testng.FeatureWrapper)[pri:0, instance:com.ssk.qa.runners.TestRunner@5e5d171f]" started-at="2025-11-03T20:07:49 IST" name="runScenario" description="Runs Cucumber Scenarios" data-provider="scenarios" finished-at="2025-11-03T20:07:54 IST" duration-ms="5302" status="PASS">
          <params>
            <param index="0">
              <value>
                <![CDATA["Verify user can login with valid credentials"]]>
              </value>
            </param>
            <param index="1">
              <value>
                <![CDATA["E-commerce Workflow Automation"]]>
              </value>
            </param>
          </params>
          <reporter-output>
          </reporter-output>
        </test-method> <!-- runScenario -->
        <test-method signature="runScenario(io.cucumber.testng.PickleWrapper,io.cucumber.testng.FeatureWrapper)[pri:0, instance:com.ssk.qa.runners.TestRunner@5e5d171f]" started-at="2025-11-03T20:07:54 IST" name="runScenario" description="Runs Cucumber Scenarios" data-provider="scenarios" finished-at="2025-11-03T20:07:57 IST" duration-ms="3253" status="PASS">
          <params>
            <param index="0">
              <value>
                <![CDATA["Verify user can add a product to cart"]]>
              </value>
            </param>
            <param index="1">
              <value>
                <![CDATA["E-commerce Workflow Automation"]]>
              </value>
            </param>
          </params>
          <reporter-output>
          </reporter-output>
        </test-method> <!-- runScenario -->
        <test-method signature="runScenario(io.cucumber.testng.PickleWrapper,io.cucumber.testng.FeatureWrapper)[pri:0, instance:com.ssk.qa.runners.TestRunner@5e5d171f]" started-at="2025-11-03T20:07:57 IST" name="runScenario" description="Runs Cucumber Scenarios" data-provider="scenarios" finished-at="2025-11-03T20:08:01 IST" duration-ms="3792" status="PASS">
          <params>
            <param index="0">
              <value>
                <![CDATA["Verify user can checkout successfully"]]>
              </value>
            </param>
            <param index="1">
              <value>
                <![CDATA["E-commerce Workflow Automation"]]>
              </value>
            </param>
          </params>
          <reporter-output>
          </reporter-output>
        </test-method> <!-- runScenario -->
        <test-method signature="runScenario(io.cucumber.testng.PickleWrapper,io.cucumber.testng.FeatureWrapper)[pri:0, instance:com.ssk.qa.runners.TestRunner@5e5d171f]" started-at="2025-11-03T20:08:01 IST" name="runScenario" description="Runs Cucumber Scenarios" data-provider="scenarios" finished-at="2025-11-03T20:08:06 IST" duration-ms="5227" status="PASS">
          <params>
            <param index="0">
              <value>
                <![CDATA["Verify user can logout successfully"]]>
              </value>
            </param>
            <param index="1">
              <value>
                <![CDATA["E-commerce Workflow Automation"]]>
              </value>
            </param>
          </params>
          <reporter-output>
          </reporter-output>
        </test-method> <!-- runScenario -->
        <test-method is-config="true" signature="tearDownClass()[pri:0, instance:com.ssk.qa.runners.TestRunner@5e5d171f]" started-at="2025-11-03T20:08:06 IST" name="tearDownClass" finished-at="2025-11-03T20:08:06 IST" duration-ms="15" status="PASS">
          <reporter-output>
          </reporter-output>
        </test-method> <!-- tearDownClass -->
      </class> <!-- com.ssk.qa.runners.TestRunner -->
    </test> <!-- Default test -->
  </suite> <!-- Default suite -->
</testng-results>
