<?xml version="1.0" encoding="UTF-8"?>
<!-- Generated by org.testng.reporters.JUnitReportReporter -->
<testsuite hostname="DESKTOP-6" failures="0" tests="4" name="com.ssk.qa.tests.TestRunner" time="22.192" errors="0" timestamp="2025-11-01T20:55:18 IST" skipped="0">
  <testcase classname="com.ssk.qa.tests.TestRunner" name="runScenario" time="3.843"/>
  <testcase classname="com.ssk.qa.tests.TestRunner" name="runScenario" time="5.203"/>
  <testcase classname="com.ssk.qa.tests.TestRunner" name="runScenario" time="7.464"/>
  <testcase classname="com.ssk.qa.tests.TestRunner" name="runScenario" time="5.682"/>
</testsuite> <!-- com.ssk.qa.tests.TestRunner -->
