<?xml version="1.0" encoding="UTF-8"?>
<!-- Generated by org.testng.reporters.JUnitReportReporter -->
<testsuite hostname="DESKTOP-6" failures="0" tests="4" name="com.ssk.qa.runners.TestRunner" time="22.789" errors="0" timestamp="2025-11-02T20:24:34 IST" skipped="0">
  <testcase classname="com.ssk.qa.runners.TestRunner" name="runScenario" time="6.131"/>
  <testcase classname="com.ssk.qa.runners.TestRunner" name="runScenario" time="3.117"/>
  <testcase classname="com.ssk.qa.runners.TestRunner" name="runScenario" time="7.662"/>
  <testcase classname="com.ssk.qa.runners.TestRunner" name="runScenario" time="5.879"/>
</testsuite> <!-- com.ssk.qa.runners.TestRunner -->
