<?xml version="1.0" encoding="UTF-8"?>
<!-- Generated by org.testng.reporters.JUnitReportReporter -->
<testsuite hostname="DESKTOP-6" failures="0" tests="4" name="com.ssk.qa.runners.TestRunner" time="30.880" errors="0" timestamp="2025-11-14T11:18:32 IST" skipped="0">
  <testcase classname="com.ssk.qa.runners.TestRunner" name="runScenario" time="8.441"/>
  <testcase classname="com.ssk.qa.runners.TestRunner" name="runScenario" time="8.992"/>
  <testcase classname="com.ssk.qa.runners.TestRunner" name="runScenario" time="8.630"/>
  <testcase classname="com.ssk.qa.runners.TestRunner" name="runScenario" time="4.817"/>
</testsuite> <!-- com.ssk.qa.runners.TestRunner -->
