<?xml version="1.0" encoding="UTF-8"?>
<!-- Generated by org.testng.reporters.JUnitReportReporter -->
<testsuite hostname="DESKTOP-6" failures="0" tests="4" name="com.ssk.qa.runners.TestRunner" time="28.804" errors="0" timestamp="2025-11-12T11:16:21 IST" skipped="0">
  <testcase classname="com.ssk.qa.runners.TestRunner" name="runScenario" time="4.861"/>
  <testcase classname="com.ssk.qa.runners.TestRunner" name="runScenario" time="11.192"/>
  <testcase classname="com.ssk.qa.runners.TestRunner" name="runScenario" time="6.575"/>
  <testcase classname="com.ssk.qa.runners.TestRunner" name="runScenario" time="6.176"/>
</testsuite> <!-- com.ssk.qa.runners.TestRunner -->
