<?xml version="1.0" encoding="UTF-8"?>
<!-- Generated by org.testng.reporters.JUnitReportReporter -->
<testsuite hostname="DESKTOP-6" failures="0" tests="6" name="com.ssk.qa.tests.EndToEndTest" time="68.336" errors="0" timestamp="2025-11-09T13:01:39 IST" skipped="0">
  <testcase classname="com.ssk.qa.tests.EndToEndTest" name="verifyEndToEndTestWorkflow" time="11.051"/>
  <testcase classname="com.ssk.qa.tests.EndToEndTest" name="verifyEndToEndTestWorkflow" time="15.229"/>
  <testcase classname="com.ssk.qa.tests.EndToEndTest" name="verifyEndToEndTestWorkflow" time="15.230"/>
  <testcase classname="com.ssk.qa.tests.EndToEndTest" name="verifyEndToEndTestWorkflow" time="9.135"/>
  <testcase classname="com.ssk.qa.tests.EndToEndTest" name="verifyEndToEndTestWorkflow" time="9.384"/>
  <testcase classname="com.ssk.qa.tests.EndToEndTest" name="verifyEndToEndTestWorkflow" time="8.307"/>
</testsuite> <!-- com.ssk.qa.tests.EndToEndTest -->
