<?xml version="1.0" encoding="UTF-8"?>
<!-- Generated by org.testng.reporters.JUnitXMLReporter -->
<testsuite ignored="0" hostname="DESKTOP-6" failures="0" tests="5" name="ChromeTest" time="94.775" errors="0" timestamp="2025-11-14T11:17:16 IST">
  <testcase classname="com.ssk.qa.tests.EndToEndTest" name="verifyEndToEndTestWorkflow" time="33.683">
    <skipped/>
  </testcase> <!-- verifyEndToEndTestWorkflow -->
  <testcase classname="com.ssk.qa.tests.EndToEndTest" name="verifyEndToEndTestWorkflow" time="12.008">
    <skipped/>
  </testcase> <!-- verifyEndToEndTestWorkflow -->
  <testcase classname="com.ssk.qa.tests.EndToEndTest" name="verifyEndToEndTestWorkflow" time="13.647"/>
  <testcase classname="com.ssk.qa.tests.EndToEndTest" name="verifyEndToEndTestWorkflow" time="13.238"/>
  <testcase classname="com.ssk.qa.tests.EndToEndTest" name="verifyEndToEndTestWorkflow" time="7.859"/>
</testsuite> <!-- ChromeTest -->
