<?xml version="1.0" encoding="UTF-8"?>
<!-- Generated by org.testng.reporters.JUnitXMLReporter -->
<testsuite ignored="0" hostname="DESKTOP-6" failures="0" tests="3" name="ChromeTest" time="38.163" errors="0" timestamp="2025-11-09T13:01:39 IST">
  <testcase classname="com.ssk.qa.tests.EndToEndTest" name="verifyEndToEndTestWorkflow" time="9.95"/>
  <testcase classname="com.ssk.qa.tests.EndToEndTest" name="verifyEndToEndTestWorkflow" time="8.307"/>
  <testcase classname="com.ssk.qa.tests.EndToEndTest" name="verifyEndToEndTestWorkflow" time="15.23"/>
</testsuite> <!-- ChromeTest -->
