<?xml version="1.0" encoding="UTF-8"?>
<!-- Generated by org.testng.reporters.JUnitXMLReporter -->
<testsuite ignored="0" hostname="DESKTOP-6" failures="0" tests="3" name="ChromeTest" time="47.292" errors="0" timestamp="2025-11-11T10:47:41 IST">
  <testcase classname="com.ssk.qa.tests.EndToEndTest" name="verifyEndToEndTestWorkflow" time="9.843"/>
  <testcase classname="com.ssk.qa.tests.EndToEndTest" name="verifyEndToEndTestWorkflow" time="6.308"/>
  <testcase classname="com.ssk.qa.tests.EndToEndTest" name="verifyEndToEndTestWorkflow" time="17.557"/>
</testsuite> <!-- ChromeTest -->
