<?xml version="1.0" encoding="UTF-8"?>
<!-- Generated by org.testng.reporters.JUnitXMLReporter -->
<testsuite ignored="0" hostname="DESKTOP-6" failures="0" tests="3" name="EdgeTest" time="38.977" errors="0" timestamp="2025-11-11T11:40:35 IST">
  <testcase classname="com.ssk.qa.tests.EndToEndTest" name="verifyEndToEndTestWorkflow" time="9.906"/>
  <testcase classname="com.ssk.qa.tests.EndToEndTest" name="verifyEndToEndTestWorkflow" time="14.751"/>
  <testcase classname="com.ssk.qa.tests.EndToEndTest" name="verifyEndToEndTestWorkflow" time="8.352"/>
</testsuite> <!-- EdgeTest -->
